CRITICAL - 2024-08-31 20:49:19 --> ErrorException: Undefined variable $figura
[Method: GET, Route: desing]
in APPPATH\Views\diseño\diseños.php on line 32.
 1 APPPATH\Views\diseño\diseños.php(32): CodeIgniter\Debug\Exceptions->errorHandler(2, 'Undefined variable $figura', 'C:\\xampp\\htdocs\\personalizacionSis\\app\\Views\\diseño\\diseños.php', 32)
 2 SYSTEMPATH\View\View.php(234): include('C:\\xampp\\htdocs\\personalizacionSis\\app\\Views\\diseño\\diseños.php')
 3 SYSTEMPATH\View\View.php(237): CodeIgniter\View\View->CodeIgniter\View\{closure}()
 4 SYSTEMPATH\Common.php(1169): CodeIgniter\View\View->render('diseño/diseños', [], true)
 5 APPPATH\Controllers\DiseñoController.php(9): view('diseño/diseños')
 6 SYSTEMPATH\CodeIgniter.php(933): App\Controllers\DiseñoController->index()
 7 SYSTEMPATH\CodeIgniter.php(509): CodeIgniter\CodeIgniter->runController(Object(App\Controllers\DiseñoController))
 8 SYSTEMPATH\CodeIgniter.php(355): CodeIgniter\CodeIgniter->handleRequest(null, Object(Config\Cache), false)
 9 SYSTEMPATH\Boot.php(325): CodeIgniter\CodeIgniter->run()
10 SYSTEMPATH\Boot.php(67): CodeIgniter\Boot::runCodeIgniter(Object(CodeIgniter\CodeIgniter))
11 FCPATH\index.php(56): CodeIgniter\Boot::bootWeb(Object(Config\Paths))
CRITICAL - 2024-08-31 20:51:41 --> ErrorException: Undefined variable $figura
[Method: GET, Route: desing]
in APPPATH\Views\diseño\diseños.php on line 32.
 1 APPPATH\Views\diseño\diseños.php(32): CodeIgniter\Debug\Exceptions->errorHandler(2, 'Undefined variable $figura', 'C:\\xampp\\htdocs\\personalizacionSis\\app\\Views\\diseño\\diseños.php', 32)
 2 SYSTEMPATH\View\View.php(234): include('C:\\xampp\\htdocs\\personalizacionSis\\app\\Views\\diseño\\diseños.php')
 3 SYSTEMPATH\View\View.php(237): CodeIgniter\View\View->CodeIgniter\View\{closure}()
 4 SYSTEMPATH\Common.php(1169): CodeIgniter\View\View->render('diseño/diseños', [], true)
 5 APPPATH\Controllers\DiseñoController.php(9): view('diseño/diseños')
 6 SYSTEMPATH\CodeIgniter.php(933): App\Controllers\DiseñoController->index()
 7 SYSTEMPATH\CodeIgniter.php(509): CodeIgniter\CodeIgniter->runController(Object(App\Controllers\DiseñoController))
 8 SYSTEMPATH\CodeIgniter.php(355): CodeIgniter\CodeIgniter->handleRequest(null, Object(Config\Cache), false)
 9 SYSTEMPATH\Boot.php(325): CodeIgniter\CodeIgniter->run()
10 SYSTEMPATH\Boot.php(67): CodeIgniter\Boot::runCodeIgniter(Object(CodeIgniter\CodeIgniter))
11 FCPATH\index.php(56): CodeIgniter\Boot::bootWeb(Object(Config\Paths))
CRITICAL - 2024-08-31 20:51:51 --> ErrorException: Undefined variable $figura
[Method: GET, Route: desing]
in APPPATH\Views\diseño\diseños.php on line 32.
 1 APPPATH\Views\diseño\diseños.php(32): CodeIgniter\Debug\Exceptions->errorHandler(2, 'Undefined variable $figura', 'C:\\xampp\\htdocs\\personalizacionSis\\app\\Views\\diseño\\diseños.php', 32)
 2 SYSTEMPATH\View\View.php(234): include('C:\\xampp\\htdocs\\personalizacionSis\\app\\Views\\diseño\\diseños.php')
 3 SYSTEMPATH\View\View.php(237): CodeIgniter\View\View->CodeIgniter\View\{closure}()
 4 SYSTEMPATH\Common.php(1169): CodeIgniter\View\View->render('diseño/diseños', [], true)
 5 APPPATH\Controllers\DiseñoController.php(9): view('diseño/diseños')
 6 SYSTEMPATH\CodeIgniter.php(933): App\Controllers\DiseñoController->index()
 7 SYSTEMPATH\CodeIgniter.php(509): CodeIgniter\CodeIgniter->runController(Object(App\Controllers\DiseñoController))
 8 SYSTEMPATH\CodeIgniter.php(355): CodeIgniter\CodeIgniter->handleRequest(null, Object(Config\Cache), false)
 9 SYSTEMPATH\Boot.php(325): CodeIgniter\CodeIgniter->run()
10 SYSTEMPATH\Boot.php(67): CodeIgniter\Boot::runCodeIgniter(Object(CodeIgniter\CodeIgniter))
11 FCPATH\index.php(56): CodeIgniter\Boot::bootWeb(Object(Config\Paths))
