CRITICAL - 2024-08-27 05:11:10 --> ErrorException: Maximum execution time of 120 seconds exceeded
[Method: GET, Route: productos]
in SYSTEMPATH\I18n\Time.php on line 44.
 1 [internal function]: CodeIgniter\Debug\Exceptions->shutdownHandler()
CRITICAL - 2024-08-27 05:11:10 --> ErrorException: Maximum execution time of 120 seconds exceeded
[Method: GET, Route: productos]
in SYSTEMPATH\I18n\Time.php on line 44.
 1 [internal function]: CodeIgniter\Debug\Exceptions->shutdownHandler()
CRITICAL - 2024-08-27 05:19:04 --> ErrorException: Maximum execution time of 120 seconds exceeded
[Method: GET, Route: /]
in APPPATH\Views\login.php on line 1.
 1 [internal function]: CodeIgniter\Debug\Exceptions->shutdownHandler()
ERROR - 2024-08-27 18:29:00 --> mysqli_sql_exception: Column 'nombre' cannot be null in C:\xampp\htdocs\personalizacionSis\system\Database\MySQLi\Connection.php:312
Stack trace:
#0 C:\xampp\htdocs\personalizacionSis\system\Database\MySQLi\Connection.php(312): mysqli->query('INSERT INTO `us...', 0)
#1 C:\xampp\htdocs\personalizacionSis\system\Database\BaseConnection.php(734): CodeIgniter\Database\MySQLi\Connection->execute('INSERT INTO `us...')
#2 C:\xampp\htdocs\personalizacionSis\system\Database\BaseConnection.php(648): CodeIgniter\Database\BaseConnection->simpleQuery('INSERT INTO `us...')
#3 C:\xampp\htdocs\personalizacionSis\system\Database\BaseBuilder.php(2340): CodeIgniter\Database\BaseConnection->query('INSERT INTO `us...', Array, false)
#4 C:\xampp\htdocs\personalizacionSis\app\Models\UsuarioModel.php(34): CodeIgniter\Database\BaseBuilder->insert(Array)
#5 C:\xampp\htdocs\personalizacionSis\app\Controllers\UsuarioController.php(64): App\Models\UsuarioModel->insertar(Array)
#6 C:\xampp\htdocs\personalizacionSis\system\CodeIgniter.php(933): App\Controllers\UsuarioController->create()
#7 C:\xampp\htdocs\personalizacionSis\system\CodeIgniter.php(509): CodeIgniter\CodeIgniter->runController(Object(App\Controllers\UsuarioController))
#8 C:\xampp\htdocs\personalizacionSis\system\CodeIgniter.php(355): CodeIgniter\CodeIgniter->handleRequest(NULL, Object(Config\Cache), false)
#9 C:\xampp\htdocs\personalizacionSis\system\Boot.php(325): CodeIgniter\CodeIgniter->run()
#10 C:\xampp\htdocs\personalizacionSis\system\Boot.php(67): CodeIgniter\Boot::runCodeIgniter(Object(CodeIgniter\CodeIgniter))
#11 C:\xampp\htdocs\personalizacionSis\public\index.php(56): CodeIgniter\Boot::bootWeb(Object(Config\Paths))
#12 {main}
CRITICAL - 2024-08-27 18:29:02 --> CodeIgniter\Database\Exceptions\DatabaseException: Column 'nombre' cannot be null
[Method: POST, Route: guardar]
in SYSTEMPATH\Database\BaseConnection.php on line 688.
 1 SYSTEMPATH\Database\BaseBuilder.php(2340): CodeIgniter\Database\BaseConnection->query('INSERT INTO `usuario` (`nombre`, `apellido`, `telefono`, `email`, `password`, `status`) VALUES (:nombre:, :apellido:, :telefono:, :email:, :password:, :status:)', [...], false)
 2 APPPATH\Models\UsuarioModel.php(34): CodeIgniter\Database\BaseBuilder->insert([...])
 3 APPPATH\Controllers\UsuarioController.php(64): App\Models\UsuarioModel->insertar([...])
 4 SYSTEMPATH\CodeIgniter.php(933): App\Controllers\UsuarioController->create()
 5 SYSTEMPATH\CodeIgniter.php(509): CodeIgniter\CodeIgniter->runController(Object(App\Controllers\UsuarioController))
 6 SYSTEMPATH\CodeIgniter.php(355): CodeIgniter\CodeIgniter->handleRequest(null, Object(Config\Cache), false)
 7 SYSTEMPATH\Boot.php(325): CodeIgniter\CodeIgniter->run()
 8 SYSTEMPATH\Boot.php(67): CodeIgniter\Boot::runCodeIgniter(Object(CodeIgniter\CodeIgniter))
 9 FCPATH\index.php(56): CodeIgniter\Boot::bootWeb(Object(Config\Paths))
CRITICAL - 2024-08-27 18:29:02 --> [Caused by] CodeIgniter\Database\Exceptions\DatabaseException: Column 'nombre' cannot be null
in SYSTEMPATH\Database\MySQLi\Connection.php on line 317.
 1 SYSTEMPATH\Database\BaseConnection.php(734): CodeIgniter\Database\MySQLi\Connection->execute('INSERT INTO `usuario` (`nombre`, `apellido`, `telefono`, `email`, `password`, `status`) VALUES (NULL, NULL, NULL, NULL, \'$2y$10$QCf12JW3DB4uNP4ybUGuh.Id.xd2U0rwFeY5gmxgP4tXNcVsiqbd2\', 1)')
 2 SYSTEMPATH\Database\BaseConnection.php(648): CodeIgniter\Database\BaseConnection->simpleQuery('INSERT INTO `usuario` (`nombre`, `apellido`, `telefono`, `email`, `password`, `status`) VALUES (NULL, NULL, NULL, NULL, \'$2y$10$QCf12JW3DB4uNP4ybUGuh.Id.xd2U0rwFeY5gmxgP4tXNcVsiqbd2\', 1)')
 3 SYSTEMPATH\Database\BaseBuilder.php(2340): CodeIgniter\Database\BaseConnection->query('INSERT INTO `usuario` (`nombre`, `apellido`, `telefono`, `email`, `password`, `status`) VALUES (:nombre:, :apellido:, :telefono:, :email:, :password:, :status:)', [...], false)
 4 APPPATH\Models\UsuarioModel.php(34): CodeIgniter\Database\BaseBuilder->insert([...])
 5 APPPATH\Controllers\UsuarioController.php(64): App\Models\UsuarioModel->insertar([...])
 6 SYSTEMPATH\CodeIgniter.php(933): App\Controllers\UsuarioController->create()
 7 SYSTEMPATH\CodeIgniter.php(509): CodeIgniter\CodeIgniter->runController(Object(App\Controllers\UsuarioController))
 8 SYSTEMPATH\CodeIgniter.php(355): CodeIgniter\CodeIgniter->handleRequest(null, Object(Config\Cache), false)
 9 SYSTEMPATH\Boot.php(325): CodeIgniter\CodeIgniter->run()
10 SYSTEMPATH\Boot.php(67): CodeIgniter\Boot::runCodeIgniter(Object(CodeIgniter\CodeIgniter))
11 FCPATH\index.php(56): CodeIgniter\Boot::bootWeb(Object(Config\Paths))
CRITICAL - 2024-08-27 18:29:02 --> [Caused by] mysqli_sql_exception: Column 'nombre' cannot be null
in SYSTEMPATH\Database\MySQLi\Connection.php on line 312.
 1 SYSTEMPATH\Database\MySQLi\Connection.php(312): mysqli->query('INSERT INTO `usuario` (`nombre`, `apellido`, `telefono`, `email`, `password`, `status`) VALUES (NULL, NULL, NULL, NULL, \'$2y$10$QCf12JW3DB4uNP4ybUGuh.Id.xd2U0rwFeY5gmxgP4tXNcVsiqbd2\', 1)', 0)
 2 SYSTEMPATH\Database\BaseConnection.php(734): CodeIgniter\Database\MySQLi\Connection->execute('INSERT INTO `usuario` (`nombre`, `apellido`, `telefono`, `email`, `password`, `status`) VALUES (NULL, NULL, NULL, NULL, \'$2y$10$QCf12JW3DB4uNP4ybUGuh.Id.xd2U0rwFeY5gmxgP4tXNcVsiqbd2\', 1)')
 3 SYSTEMPATH\Database\BaseConnection.php(648): CodeIgniter\Database\BaseConnection->simpleQuery('INSERT INTO `usuario` (`nombre`, `apellido`, `telefono`, `email`, `password`, `status`) VALUES (NULL, NULL, NULL, NULL, \'$2y$10$QCf12JW3DB4uNP4ybUGuh.Id.xd2U0rwFeY5gmxgP4tXNcVsiqbd2\', 1)')
 4 SYSTEMPATH\Database\BaseBuilder.php(2340): CodeIgniter\Database\BaseConnection->query('INSERT INTO `usuario` (`nombre`, `apellido`, `telefono`, `email`, `password`, `status`) VALUES (:nombre:, :apellido:, :telefono:, :email:, :password:, :status:)', [...], false)
 5 APPPATH\Models\UsuarioModel.php(34): CodeIgniter\Database\BaseBuilder->insert([...])
 6 APPPATH\Controllers\UsuarioController.php(64): App\Models\UsuarioModel->insertar([...])
 7 SYSTEMPATH\CodeIgniter.php(933): App\Controllers\UsuarioController->create()
 8 SYSTEMPATH\CodeIgniter.php(509): CodeIgniter\CodeIgniter->runController(Object(App\Controllers\UsuarioController))
 9 SYSTEMPATH\CodeIgniter.php(355): CodeIgniter\CodeIgniter->handleRequest(null, Object(Config\Cache), false)
10 SYSTEMPATH\Boot.php(325): CodeIgniter\CodeIgniter->run()
11 SYSTEMPATH\Boot.php(67): CodeIgniter\Boot::runCodeIgniter(Object(CodeIgniter\CodeIgniter))
12 FCPATH\index.php(56): CodeIgniter\Boot::bootWeb(Object(Config\Paths))
ERROR - 2024-08-27 18:29:47 --> mysqli_sql_exception: Column 'nombre' cannot be null in C:\xampp\htdocs\personalizacionSis\system\Database\MySQLi\Connection.php:312
Stack trace:
#0 C:\xampp\htdocs\personalizacionSis\system\Database\MySQLi\Connection.php(312): mysqli->query('INSERT INTO `us...', 0)
#1 C:\xampp\htdocs\personalizacionSis\system\Database\BaseConnection.php(734): CodeIgniter\Database\MySQLi\Connection->execute('INSERT INTO `us...')
#2 C:\xampp\htdocs\personalizacionSis\system\Database\BaseConnection.php(648): CodeIgniter\Database\BaseConnection->simpleQuery('INSERT INTO `us...')
#3 C:\xampp\htdocs\personalizacionSis\system\Database\BaseBuilder.php(2340): CodeIgniter\Database\BaseConnection->query('INSERT INTO `us...', Array, false)
#4 C:\xampp\htdocs\personalizacionSis\app\Models\UsuarioModel.php(34): CodeIgniter\Database\BaseBuilder->insert(Array)
#5 C:\xampp\htdocs\personalizacionSis\app\Controllers\UsuarioController.php(64): App\Models\UsuarioModel->insertar(Array)
#6 C:\xampp\htdocs\personalizacionSis\system\CodeIgniter.php(933): App\Controllers\UsuarioController->create()
#7 C:\xampp\htdocs\personalizacionSis\system\CodeIgniter.php(509): CodeIgniter\CodeIgniter->runController(Object(App\Controllers\UsuarioController))
#8 C:\xampp\htdocs\personalizacionSis\system\CodeIgniter.php(355): CodeIgniter\CodeIgniter->handleRequest(NULL, Object(Config\Cache), false)
#9 C:\xampp\htdocs\personalizacionSis\system\Boot.php(325): CodeIgniter\CodeIgniter->run()
#10 C:\xampp\htdocs\personalizacionSis\system\Boot.php(67): CodeIgniter\Boot::runCodeIgniter(Object(CodeIgniter\CodeIgniter))
#11 C:\xampp\htdocs\personalizacionSis\public\index.php(56): CodeIgniter\Boot::bootWeb(Object(Config\Paths))
#12 {main}
CRITICAL - 2024-08-27 18:29:47 --> CodeIgniter\Database\Exceptions\DatabaseException: Column 'nombre' cannot be null
[Method: POST, Route: guardar]
in SYSTEMPATH\Database\BaseConnection.php on line 688.
 1 SYSTEMPATH\Database\BaseBuilder.php(2340): CodeIgniter\Database\BaseConnection->query('INSERT INTO `usuario` (`nombre`, `apellido`, `telefono`, `email`, `password`, `status`) VALUES (:nombre:, :apellido:, :telefono:, :email:, :password:, :status:)', [...], false)
 2 APPPATH\Models\UsuarioModel.php(34): CodeIgniter\Database\BaseBuilder->insert([...])
 3 APPPATH\Controllers\UsuarioController.php(64): App\Models\UsuarioModel->insertar([...])
 4 SYSTEMPATH\CodeIgniter.php(933): App\Controllers\UsuarioController->create()
 5 SYSTEMPATH\CodeIgniter.php(509): CodeIgniter\CodeIgniter->runController(Object(App\Controllers\UsuarioController))
 6 SYSTEMPATH\CodeIgniter.php(355): CodeIgniter\CodeIgniter->handleRequest(null, Object(Config\Cache), false)
 7 SYSTEMPATH\Boot.php(325): CodeIgniter\CodeIgniter->run()
 8 SYSTEMPATH\Boot.php(67): CodeIgniter\Boot::runCodeIgniter(Object(CodeIgniter\CodeIgniter))
 9 FCPATH\index.php(56): CodeIgniter\Boot::bootWeb(Object(Config\Paths))
CRITICAL - 2024-08-27 18:29:47 --> [Caused by] CodeIgniter\Database\Exceptions\DatabaseException: Column 'nombre' cannot be null
in SYSTEMPATH\Database\MySQLi\Connection.php on line 317.
 1 SYSTEMPATH\Database\BaseConnection.php(734): CodeIgniter\Database\MySQLi\Connection->execute('INSERT INTO `usuario` (`nombre`, `apellido`, `telefono`, `email`, `password`, `status`) VALUES (NULL, NULL, NULL, NULL, \'$2y$10$oh21TN2EDa/pqtYiZoM.UurD0KcbnfI9z/i5bYzKMryE1g.ov8I3q\', 1)')
 2 SYSTEMPATH\Database\BaseConnection.php(648): CodeIgniter\Database\BaseConnection->simpleQuery('INSERT INTO `usuario` (`nombre`, `apellido`, `telefono`, `email`, `password`, `status`) VALUES (NULL, NULL, NULL, NULL, \'$2y$10$oh21TN2EDa/pqtYiZoM.UurD0KcbnfI9z/i5bYzKMryE1g.ov8I3q\', 1)')
 3 SYSTEMPATH\Database\BaseBuilder.php(2340): CodeIgniter\Database\BaseConnection->query('INSERT INTO `usuario` (`nombre`, `apellido`, `telefono`, `email`, `password`, `status`) VALUES (:nombre:, :apellido:, :telefono:, :email:, :password:, :status:)', [...], false)
 4 APPPATH\Models\UsuarioModel.php(34): CodeIgniter\Database\BaseBuilder->insert([...])
 5 APPPATH\Controllers\UsuarioController.php(64): App\Models\UsuarioModel->insertar([...])
 6 SYSTEMPATH\CodeIgniter.php(933): App\Controllers\UsuarioController->create()
 7 SYSTEMPATH\CodeIgniter.php(509): CodeIgniter\CodeIgniter->runController(Object(App\Controllers\UsuarioController))
 8 SYSTEMPATH\CodeIgniter.php(355): CodeIgniter\CodeIgniter->handleRequest(null, Object(Config\Cache), false)
 9 SYSTEMPATH\Boot.php(325): CodeIgniter\CodeIgniter->run()
10 SYSTEMPATH\Boot.php(67): CodeIgniter\Boot::runCodeIgniter(Object(CodeIgniter\CodeIgniter))
11 FCPATH\index.php(56): CodeIgniter\Boot::bootWeb(Object(Config\Paths))
CRITICAL - 2024-08-27 18:29:47 --> [Caused by] mysqli_sql_exception: Column 'nombre' cannot be null
in SYSTEMPATH\Database\MySQLi\Connection.php on line 312.
 1 SYSTEMPATH\Database\MySQLi\Connection.php(312): mysqli->query('INSERT INTO `usuario` (`nombre`, `apellido`, `telefono`, `email`, `password`, `status`) VALUES (NULL, NULL, NULL, NULL, \'$2y$10$oh21TN2EDa/pqtYiZoM.UurD0KcbnfI9z/i5bYzKMryE1g.ov8I3q\', 1)', 0)
 2 SYSTEMPATH\Database\BaseConnection.php(734): CodeIgniter\Database\MySQLi\Connection->execute('INSERT INTO `usuario` (`nombre`, `apellido`, `telefono`, `email`, `password`, `status`) VALUES (NULL, NULL, NULL, NULL, \'$2y$10$oh21TN2EDa/pqtYiZoM.UurD0KcbnfI9z/i5bYzKMryE1g.ov8I3q\', 1)')
 3 SYSTEMPATH\Database\BaseConnection.php(648): CodeIgniter\Database\BaseConnection->simpleQuery('INSERT INTO `usuario` (`nombre`, `apellido`, `telefono`, `email`, `password`, `status`) VALUES (NULL, NULL, NULL, NULL, \'$2y$10$oh21TN2EDa/pqtYiZoM.UurD0KcbnfI9z/i5bYzKMryE1g.ov8I3q\', 1)')
 4 SYSTEMPATH\Database\BaseBuilder.php(2340): CodeIgniter\Database\BaseConnection->query('INSERT INTO `usuario` (`nombre`, `apellido`, `telefono`, `email`, `password`, `status`) VALUES (:nombre:, :apellido:, :telefono:, :email:, :password:, :status:)', [...], false)
 5 APPPATH\Models\UsuarioModel.php(34): CodeIgniter\Database\BaseBuilder->insert([...])
 6 APPPATH\Controllers\UsuarioController.php(64): App\Models\UsuarioModel->insertar([...])
 7 SYSTEMPATH\CodeIgniter.php(933): App\Controllers\UsuarioController->create()
 8 SYSTEMPATH\CodeIgniter.php(509): CodeIgniter\CodeIgniter->runController(Object(App\Controllers\UsuarioController))
 9 SYSTEMPATH\CodeIgniter.php(355): CodeIgniter\CodeIgniter->handleRequest(null, Object(Config\Cache), false)
10 SYSTEMPATH\Boot.php(325): CodeIgniter\CodeIgniter->run()
11 SYSTEMPATH\Boot.php(67): CodeIgniter\Boot::runCodeIgniter(Object(CodeIgniter\CodeIgniter))
12 FCPATH\index.php(56): CodeIgniter\Boot::bootWeb(Object(Config\Paths))
ERROR - 2024-08-27 18:31:59 --> mysqli_sql_exception: Column 'nombre' cannot be null in C:\xampp\htdocs\personalizacionSis\system\Database\MySQLi\Connection.php:312
Stack trace:
#0 C:\xampp\htdocs\personalizacionSis\system\Database\MySQLi\Connection.php(312): mysqli->query('INSERT INTO `us...', 0)
#1 C:\xampp\htdocs\personalizacionSis\system\Database\BaseConnection.php(734): CodeIgniter\Database\MySQLi\Connection->execute('INSERT INTO `us...')
#2 C:\xampp\htdocs\personalizacionSis\system\Database\BaseConnection.php(648): CodeIgniter\Database\BaseConnection->simpleQuery('INSERT INTO `us...')
#3 C:\xampp\htdocs\personalizacionSis\system\Database\BaseBuilder.php(2340): CodeIgniter\Database\BaseConnection->query('INSERT INTO `us...', Array, false)
#4 C:\xampp\htdocs\personalizacionSis\app\Models\UsuarioModel.php(34): CodeIgniter\Database\BaseBuilder->insert(Array)
#5 C:\xampp\htdocs\personalizacionSis\app\Controllers\UsuarioController.php(64): App\Models\UsuarioModel->insertar(Array)
#6 C:\xampp\htdocs\personalizacionSis\system\CodeIgniter.php(933): App\Controllers\UsuarioController->create()
#7 C:\xampp\htdocs\personalizacionSis\system\CodeIgniter.php(509): CodeIgniter\CodeIgniter->runController(Object(App\Controllers\UsuarioController))
#8 C:\xampp\htdocs\personalizacionSis\system\CodeIgniter.php(355): CodeIgniter\CodeIgniter->handleRequest(NULL, Object(Config\Cache), false)
#9 C:\xampp\htdocs\personalizacionSis\system\Boot.php(325): CodeIgniter\CodeIgniter->run()
#10 C:\xampp\htdocs\personalizacionSis\system\Boot.php(67): CodeIgniter\Boot::runCodeIgniter(Object(CodeIgniter\CodeIgniter))
#11 C:\xampp\htdocs\personalizacionSis\public\index.php(56): CodeIgniter\Boot::bootWeb(Object(Config\Paths))
#12 {main}
CRITICAL - 2024-08-27 18:31:59 --> CodeIgniter\Database\Exceptions\DatabaseException: Column 'nombre' cannot be null
[Method: POST, Route: guardar]
in SYSTEMPATH\Database\BaseConnection.php on line 688.
 1 SYSTEMPATH\Database\BaseBuilder.php(2340): CodeIgniter\Database\BaseConnection->query('INSERT INTO `usuario` (`nombre`, `apellido`, `telefono`, `email`, `password`, `status`) VALUES (:nombre:, :apellido:, :telefono:, :email:, :password:, :status:)', [...], false)
 2 APPPATH\Models\UsuarioModel.php(34): CodeIgniter\Database\BaseBuilder->insert([...])
 3 APPPATH\Controllers\UsuarioController.php(64): App\Models\UsuarioModel->insertar([...])
 4 SYSTEMPATH\CodeIgniter.php(933): App\Controllers\UsuarioController->create()
 5 SYSTEMPATH\CodeIgniter.php(509): CodeIgniter\CodeIgniter->runController(Object(App\Controllers\UsuarioController))
 6 SYSTEMPATH\CodeIgniter.php(355): CodeIgniter\CodeIgniter->handleRequest(null, Object(Config\Cache), false)
 7 SYSTEMPATH\Boot.php(325): CodeIgniter\CodeIgniter->run()
 8 SYSTEMPATH\Boot.php(67): CodeIgniter\Boot::runCodeIgniter(Object(CodeIgniter\CodeIgniter))
 9 FCPATH\index.php(56): CodeIgniter\Boot::bootWeb(Object(Config\Paths))
CRITICAL - 2024-08-27 18:31:59 --> [Caused by] CodeIgniter\Database\Exceptions\DatabaseException: Column 'nombre' cannot be null
in SYSTEMPATH\Database\MySQLi\Connection.php on line 317.
 1 SYSTEMPATH\Database\BaseConnection.php(734): CodeIgniter\Database\MySQLi\Connection->execute('INSERT INTO `usuario` (`nombre`, `apellido`, `telefono`, `email`, `password`, `status`) VALUES (NULL, NULL, NULL, NULL, \'$2y$10$11ICa2H0rmxuhp830jHKYOG62FgiihbJT0jj4GY.0jXjgdGKJSaPu\', 1)')
 2 SYSTEMPATH\Database\BaseConnection.php(648): CodeIgniter\Database\BaseConnection->simpleQuery('INSERT INTO `usuario` (`nombre`, `apellido`, `telefono`, `email`, `password`, `status`) VALUES (NULL, NULL, NULL, NULL, \'$2y$10$11ICa2H0rmxuhp830jHKYOG62FgiihbJT0jj4GY.0jXjgdGKJSaPu\', 1)')
 3 SYSTEMPATH\Database\BaseBuilder.php(2340): CodeIgniter\Database\BaseConnection->query('INSERT INTO `usuario` (`nombre`, `apellido`, `telefono`, `email`, `password`, `status`) VALUES (:nombre:, :apellido:, :telefono:, :email:, :password:, :status:)', [...], false)
 4 APPPATH\Models\UsuarioModel.php(34): CodeIgniter\Database\BaseBuilder->insert([...])
 5 APPPATH\Controllers\UsuarioController.php(64): App\Models\UsuarioModel->insertar([...])
 6 SYSTEMPATH\CodeIgniter.php(933): App\Controllers\UsuarioController->create()
 7 SYSTEMPATH\CodeIgniter.php(509): CodeIgniter\CodeIgniter->runController(Object(App\Controllers\UsuarioController))
 8 SYSTEMPATH\CodeIgniter.php(355): CodeIgniter\CodeIgniter->handleRequest(null, Object(Config\Cache), false)
 9 SYSTEMPATH\Boot.php(325): CodeIgniter\CodeIgniter->run()
10 SYSTEMPATH\Boot.php(67): CodeIgniter\Boot::runCodeIgniter(Object(CodeIgniter\CodeIgniter))
11 FCPATH\index.php(56): CodeIgniter\Boot::bootWeb(Object(Config\Paths))
CRITICAL - 2024-08-27 18:31:59 --> [Caused by] mysqli_sql_exception: Column 'nombre' cannot be null
in SYSTEMPATH\Database\MySQLi\Connection.php on line 312.
 1 SYSTEMPATH\Database\MySQLi\Connection.php(312): mysqli->query('INSERT INTO `usuario` (`nombre`, `apellido`, `telefono`, `email`, `password`, `status`) VALUES (NULL, NULL, NULL, NULL, \'$2y$10$11ICa2H0rmxuhp830jHKYOG62FgiihbJT0jj4GY.0jXjgdGKJSaPu\', 1)', 0)
 2 SYSTEMPATH\Database\BaseConnection.php(734): CodeIgniter\Database\MySQLi\Connection->execute('INSERT INTO `usuario` (`nombre`, `apellido`, `telefono`, `email`, `password`, `status`) VALUES (NULL, NULL, NULL, NULL, \'$2y$10$11ICa2H0rmxuhp830jHKYOG62FgiihbJT0jj4GY.0jXjgdGKJSaPu\', 1)')
 3 SYSTEMPATH\Database\BaseConnection.php(648): CodeIgniter\Database\BaseConnection->simpleQuery('INSERT INTO `usuario` (`nombre`, `apellido`, `telefono`, `email`, `password`, `status`) VALUES (NULL, NULL, NULL, NULL, \'$2y$10$11ICa2H0rmxuhp830jHKYOG62FgiihbJT0jj4GY.0jXjgdGKJSaPu\', 1)')
 4 SYSTEMPATH\Database\BaseBuilder.php(2340): CodeIgniter\Database\BaseConnection->query('INSERT INTO `usuario` (`nombre`, `apellido`, `telefono`, `email`, `password`, `status`) VALUES (:nombre:, :apellido:, :telefono:, :email:, :password:, :status:)', [...], false)
 5 APPPATH\Models\UsuarioModel.php(34): CodeIgniter\Database\BaseBuilder->insert([...])
 6 APPPATH\Controllers\UsuarioController.php(64): App\Models\UsuarioModel->insertar([...])
 7 SYSTEMPATH\CodeIgniter.php(933): App\Controllers\UsuarioController->create()
 8 SYSTEMPATH\CodeIgniter.php(509): CodeIgniter\CodeIgniter->runController(Object(App\Controllers\UsuarioController))
 9 SYSTEMPATH\CodeIgniter.php(355): CodeIgniter\CodeIgniter->handleRequest(null, Object(Config\Cache), false)
10 SYSTEMPATH\Boot.php(325): CodeIgniter\CodeIgniter->run()
11 SYSTEMPATH\Boot.php(67): CodeIgniter\Boot::runCodeIgniter(Object(CodeIgniter\CodeIgniter))
12 FCPATH\index.php(56): CodeIgniter\Boot::bootWeb(Object(Config\Paths))
ERROR - 2024-08-27 18:34:38 --> mysqli_sql_exception: Column 'nombre' cannot be null in C:\xampp\htdocs\personalizacionSis\system\Database\MySQLi\Connection.php:312
Stack trace:
#0 C:\xampp\htdocs\personalizacionSis\system\Database\MySQLi\Connection.php(312): mysqli->query('INSERT INTO `us...', 0)
#1 C:\xampp\htdocs\personalizacionSis\system\Database\BaseConnection.php(734): CodeIgniter\Database\MySQLi\Connection->execute('INSERT INTO `us...')
#2 C:\xampp\htdocs\personalizacionSis\system\Database\BaseConnection.php(648): CodeIgniter\Database\BaseConnection->simpleQuery('INSERT INTO `us...')
#3 C:\xampp\htdocs\personalizacionSis\system\Database\BaseBuilder.php(2340): CodeIgniter\Database\BaseConnection->query('INSERT INTO `us...', Array, false)
#4 C:\xampp\htdocs\personalizacionSis\app\Models\UsuarioModel.php(34): CodeIgniter\Database\BaseBuilder->insert(Array)
#5 C:\xampp\htdocs\personalizacionSis\app\Controllers\UsuarioController.php(64): App\Models\UsuarioModel->insertar(Array)
#6 C:\xampp\htdocs\personalizacionSis\system\CodeIgniter.php(933): App\Controllers\UsuarioController->create()
#7 C:\xampp\htdocs\personalizacionSis\system\CodeIgniter.php(509): CodeIgniter\CodeIgniter->runController(Object(App\Controllers\UsuarioController))
#8 C:\xampp\htdocs\personalizacionSis\system\CodeIgniter.php(355): CodeIgniter\CodeIgniter->handleRequest(NULL, Object(Config\Cache), false)
#9 C:\xampp\htdocs\personalizacionSis\system\Boot.php(325): CodeIgniter\CodeIgniter->run()
#10 C:\xampp\htdocs\personalizacionSis\system\Boot.php(67): CodeIgniter\Boot::runCodeIgniter(Object(CodeIgniter\CodeIgniter))
#11 C:\xampp\htdocs\personalizacionSis\public\index.php(56): CodeIgniter\Boot::bootWeb(Object(Config\Paths))
#12 {main}
CRITICAL - 2024-08-27 18:34:38 --> CodeIgniter\Database\Exceptions\DatabaseException: Column 'nombre' cannot be null
[Method: POST, Route: guardar]
in SYSTEMPATH\Database\BaseConnection.php on line 688.
 1 SYSTEMPATH\Database\BaseBuilder.php(2340): CodeIgniter\Database\BaseConnection->query('INSERT INTO `usuario` (`nombre`, `apellido`, `telefono`, `email`, `password`, `status`) VALUES (:nombre:, :apellido:, :telefono:, :email:, :password:, :status:)', [...], false)
 2 APPPATH\Models\UsuarioModel.php(34): CodeIgniter\Database\BaseBuilder->insert([...])
 3 APPPATH\Controllers\UsuarioController.php(64): App\Models\UsuarioModel->insertar([...])
 4 SYSTEMPATH\CodeIgniter.php(933): App\Controllers\UsuarioController->create()
 5 SYSTEMPATH\CodeIgniter.php(509): CodeIgniter\CodeIgniter->runController(Object(App\Controllers\UsuarioController))
 6 SYSTEMPATH\CodeIgniter.php(355): CodeIgniter\CodeIgniter->handleRequest(null, Object(Config\Cache), false)
 7 SYSTEMPATH\Boot.php(325): CodeIgniter\CodeIgniter->run()
 8 SYSTEMPATH\Boot.php(67): CodeIgniter\Boot::runCodeIgniter(Object(CodeIgniter\CodeIgniter))
 9 FCPATH\index.php(56): CodeIgniter\Boot::bootWeb(Object(Config\Paths))
CRITICAL - 2024-08-27 18:34:38 --> [Caused by] CodeIgniter\Database\Exceptions\DatabaseException: Column 'nombre' cannot be null
in SYSTEMPATH\Database\MySQLi\Connection.php on line 317.
 1 SYSTEMPATH\Database\BaseConnection.php(734): CodeIgniter\Database\MySQLi\Connection->execute('INSERT INTO `usuario` (`nombre`, `apellido`, `telefono`, `email`, `password`, `status`) VALUES (NULL, NULL, NULL, NULL, \'$2y$10$gLAK0RJhG4ar7UavtZbN2OSA/YM1iIeZ6VycJCtKKDtptV4QjVm/i\', 1)')
 2 SYSTEMPATH\Database\BaseConnection.php(648): CodeIgniter\Database\BaseConnection->simpleQuery('INSERT INTO `usuario` (`nombre`, `apellido`, `telefono`, `email`, `password`, `status`) VALUES (NULL, NULL, NULL, NULL, \'$2y$10$gLAK0RJhG4ar7UavtZbN2OSA/YM1iIeZ6VycJCtKKDtptV4QjVm/i\', 1)')
 3 SYSTEMPATH\Database\BaseBuilder.php(2340): CodeIgniter\Database\BaseConnection->query('INSERT INTO `usuario` (`nombre`, `apellido`, `telefono`, `email`, `password`, `status`) VALUES (:nombre:, :apellido:, :telefono:, :email:, :password:, :status:)', [...], false)
 4 APPPATH\Models\UsuarioModel.php(34): CodeIgniter\Database\BaseBuilder->insert([...])
 5 APPPATH\Controllers\UsuarioController.php(64): App\Models\UsuarioModel->insertar([...])
 6 SYSTEMPATH\CodeIgniter.php(933): App\Controllers\UsuarioController->create()
 7 SYSTEMPATH\CodeIgniter.php(509): CodeIgniter\CodeIgniter->runController(Object(App\Controllers\UsuarioController))
 8 SYSTEMPATH\CodeIgniter.php(355): CodeIgniter\CodeIgniter->handleRequest(null, Object(Config\Cache), false)
 9 SYSTEMPATH\Boot.php(325): CodeIgniter\CodeIgniter->run()
10 SYSTEMPATH\Boot.php(67): CodeIgniter\Boot::runCodeIgniter(Object(CodeIgniter\CodeIgniter))
11 FCPATH\index.php(56): CodeIgniter\Boot::bootWeb(Object(Config\Paths))
CRITICAL - 2024-08-27 18:34:38 --> [Caused by] mysqli_sql_exception: Column 'nombre' cannot be null
in SYSTEMPATH\Database\MySQLi\Connection.php on line 312.
 1 SYSTEMPATH\Database\MySQLi\Connection.php(312): mysqli->query('INSERT INTO `usuario` (`nombre`, `apellido`, `telefono`, `email`, `password`, `status`) VALUES (NULL, NULL, NULL, NULL, \'$2y$10$gLAK0RJhG4ar7UavtZbN2OSA/YM1iIeZ6VycJCtKKDtptV4QjVm/i\', 1)', 0)
 2 SYSTEMPATH\Database\BaseConnection.php(734): CodeIgniter\Database\MySQLi\Connection->execute('INSERT INTO `usuario` (`nombre`, `apellido`, `telefono`, `email`, `password`, `status`) VALUES (NULL, NULL, NULL, NULL, \'$2y$10$gLAK0RJhG4ar7UavtZbN2OSA/YM1iIeZ6VycJCtKKDtptV4QjVm/i\', 1)')
 3 SYSTEMPATH\Database\BaseConnection.php(648): CodeIgniter\Database\BaseConnection->simpleQuery('INSERT INTO `usuario` (`nombre`, `apellido`, `telefono`, `email`, `password`, `status`) VALUES (NULL, NULL, NULL, NULL, \'$2y$10$gLAK0RJhG4ar7UavtZbN2OSA/YM1iIeZ6VycJCtKKDtptV4QjVm/i\', 1)')
 4 SYSTEMPATH\Database\BaseBuilder.php(2340): CodeIgniter\Database\BaseConnection->query('INSERT INTO `usuario` (`nombre`, `apellido`, `telefono`, `email`, `password`, `status`) VALUES (:nombre:, :apellido:, :telefono:, :email:, :password:, :status:)', [...], false)
 5 APPPATH\Models\UsuarioModel.php(34): CodeIgniter\Database\BaseBuilder->insert([...])
 6 APPPATH\Controllers\UsuarioController.php(64): App\Models\UsuarioModel->insertar([...])
 7 SYSTEMPATH\CodeIgniter.php(933): App\Controllers\UsuarioController->create()
 8 SYSTEMPATH\CodeIgniter.php(509): CodeIgniter\CodeIgniter->runController(Object(App\Controllers\UsuarioController))
 9 SYSTEMPATH\CodeIgniter.php(355): CodeIgniter\CodeIgniter->handleRequest(null, Object(Config\Cache), false)
10 SYSTEMPATH\Boot.php(325): CodeIgniter\CodeIgniter->run()
11 SYSTEMPATH\Boot.php(67): CodeIgniter\Boot::runCodeIgniter(Object(CodeIgniter\CodeIgniter))
12 FCPATH\index.php(56): CodeIgniter\Boot::bootWeb(Object(Config\Paths))
ERROR - 2024-08-27 18:41:02 --> mysqli_sql_exception: Column 'nombre' cannot be null in C:\xampp\htdocs\personalizacionSis\system\Database\MySQLi\Connection.php:312
Stack trace:
#0 C:\xampp\htdocs\personalizacionSis\system\Database\MySQLi\Connection.php(312): mysqli->query('INSERT INTO `us...', 0)
#1 C:\xampp\htdocs\personalizacionSis\system\Database\BaseConnection.php(734): CodeIgniter\Database\MySQLi\Connection->execute('INSERT INTO `us...')
#2 C:\xampp\htdocs\personalizacionSis\system\Database\BaseConnection.php(648): CodeIgniter\Database\BaseConnection->simpleQuery('INSERT INTO `us...')
#3 C:\xampp\htdocs\personalizacionSis\system\Database\BaseBuilder.php(2340): CodeIgniter\Database\BaseConnection->query('INSERT INTO `us...', Array, false)
#4 C:\xampp\htdocs\personalizacionSis\app\Models\UsuarioModel.php(34): CodeIgniter\Database\BaseBuilder->insert(Array)
#5 C:\xampp\htdocs\personalizacionSis\app\Controllers\UsuarioController.php(64): App\Models\UsuarioModel->insertar(Array)
#6 C:\xampp\htdocs\personalizacionSis\system\CodeIgniter.php(933): App\Controllers\UsuarioController->create()
#7 C:\xampp\htdocs\personalizacionSis\system\CodeIgniter.php(509): CodeIgniter\CodeIgniter->runController(Object(App\Controllers\UsuarioController))
#8 C:\xampp\htdocs\personalizacionSis\system\CodeIgniter.php(355): CodeIgniter\CodeIgniter->handleRequest(NULL, Object(Config\Cache), false)
#9 C:\xampp\htdocs\personalizacionSis\system\Boot.php(325): CodeIgniter\CodeIgniter->run()
#10 C:\xampp\htdocs\personalizacionSis\system\Boot.php(67): CodeIgniter\Boot::runCodeIgniter(Object(CodeIgniter\CodeIgniter))
#11 C:\xampp\htdocs\personalizacionSis\public\index.php(56): CodeIgniter\Boot::bootWeb(Object(Config\Paths))
#12 {main}
CRITICAL - 2024-08-27 18:41:02 --> CodeIgniter\Database\Exceptions\DatabaseException: Column 'nombre' cannot be null
[Method: POST, Route: guardar]
in SYSTEMPATH\Database\BaseConnection.php on line 688.
 1 SYSTEMPATH\Database\BaseBuilder.php(2340): CodeIgniter\Database\BaseConnection->query('INSERT INTO `usuario` (`nombre`, `apellido`, `telefono`, `email`, `password`, `status`) VALUES (:nombre:, :apellido:, :telefono:, :email:, :password:, :status:)', [...], false)
 2 APPPATH\Models\UsuarioModel.php(34): CodeIgniter\Database\BaseBuilder->insert([...])
 3 APPPATH\Controllers\UsuarioController.php(64): App\Models\UsuarioModel->insertar([...])
 4 SYSTEMPATH\CodeIgniter.php(933): App\Controllers\UsuarioController->create()
 5 SYSTEMPATH\CodeIgniter.php(509): CodeIgniter\CodeIgniter->runController(Object(App\Controllers\UsuarioController))
 6 SYSTEMPATH\CodeIgniter.php(355): CodeIgniter\CodeIgniter->handleRequest(null, Object(Config\Cache), false)
 7 SYSTEMPATH\Boot.php(325): CodeIgniter\CodeIgniter->run()
 8 SYSTEMPATH\Boot.php(67): CodeIgniter\Boot::runCodeIgniter(Object(CodeIgniter\CodeIgniter))
 9 FCPATH\index.php(56): CodeIgniter\Boot::bootWeb(Object(Config\Paths))
CRITICAL - 2024-08-27 18:41:02 --> [Caused by] CodeIgniter\Database\Exceptions\DatabaseException: Column 'nombre' cannot be null
in SYSTEMPATH\Database\MySQLi\Connection.php on line 317.
 1 SYSTEMPATH\Database\BaseConnection.php(734): CodeIgniter\Database\MySQLi\Connection->execute('INSERT INTO `usuario` (`nombre`, `apellido`, `telefono`, `email`, `password`, `status`) VALUES (NULL, NULL, NULL, NULL, \'$2y$10$ZLUlWa1k/t7s9oeRzkMuiucGIoZum5C8Li52vl.c2P10ATVd/HOlq\', 1)')
 2 SYSTEMPATH\Database\BaseConnection.php(648): CodeIgniter\Database\BaseConnection->simpleQuery('INSERT INTO `usuario` (`nombre`, `apellido`, `telefono`, `email`, `password`, `status`) VALUES (NULL, NULL, NULL, NULL, \'$2y$10$ZLUlWa1k/t7s9oeRzkMuiucGIoZum5C8Li52vl.c2P10ATVd/HOlq\', 1)')
 3 SYSTEMPATH\Database\BaseBuilder.php(2340): CodeIgniter\Database\BaseConnection->query('INSERT INTO `usuario` (`nombre`, `apellido`, `telefono`, `email`, `password`, `status`) VALUES (:nombre:, :apellido:, :telefono:, :email:, :password:, :status:)', [...], false)
 4 APPPATH\Models\UsuarioModel.php(34): CodeIgniter\Database\BaseBuilder->insert([...])
 5 APPPATH\Controllers\UsuarioController.php(64): App\Models\UsuarioModel->insertar([...])
 6 SYSTEMPATH\CodeIgniter.php(933): App\Controllers\UsuarioController->create()
 7 SYSTEMPATH\CodeIgniter.php(509): CodeIgniter\CodeIgniter->runController(Object(App\Controllers\UsuarioController))
 8 SYSTEMPATH\CodeIgniter.php(355): CodeIgniter\CodeIgniter->handleRequest(null, Object(Config\Cache), false)
 9 SYSTEMPATH\Boot.php(325): CodeIgniter\CodeIgniter->run()
10 SYSTEMPATH\Boot.php(67): CodeIgniter\Boot::runCodeIgniter(Object(CodeIgniter\CodeIgniter))
11 FCPATH\index.php(56): CodeIgniter\Boot::bootWeb(Object(Config\Paths))
CRITICAL - 2024-08-27 18:41:02 --> [Caused by] mysqli_sql_exception: Column 'nombre' cannot be null
in SYSTEMPATH\Database\MySQLi\Connection.php on line 312.
 1 SYSTEMPATH\Database\MySQLi\Connection.php(312): mysqli->query('INSERT INTO `usuario` (`nombre`, `apellido`, `telefono`, `email`, `password`, `status`) VALUES (NULL, NULL, NULL, NULL, \'$2y$10$ZLUlWa1k/t7s9oeRzkMuiucGIoZum5C8Li52vl.c2P10ATVd/HOlq\', 1)', 0)
 2 SYSTEMPATH\Database\BaseConnection.php(734): CodeIgniter\Database\MySQLi\Connection->execute('INSERT INTO `usuario` (`nombre`, `apellido`, `telefono`, `email`, `password`, `status`) VALUES (NULL, NULL, NULL, NULL, \'$2y$10$ZLUlWa1k/t7s9oeRzkMuiucGIoZum5C8Li52vl.c2P10ATVd/HOlq\', 1)')
 3 SYSTEMPATH\Database\BaseConnection.php(648): CodeIgniter\Database\BaseConnection->simpleQuery('INSERT INTO `usuario` (`nombre`, `apellido`, `telefono`, `email`, `password`, `status`) VALUES (NULL, NULL, NULL, NULL, \'$2y$10$ZLUlWa1k/t7s9oeRzkMuiucGIoZum5C8Li52vl.c2P10ATVd/HOlq\', 1)')
 4 SYSTEMPATH\Database\BaseBuilder.php(2340): CodeIgniter\Database\BaseConnection->query('INSERT INTO `usuario` (`nombre`, `apellido`, `telefono`, `email`, `password`, `status`) VALUES (:nombre:, :apellido:, :telefono:, :email:, :password:, :status:)', [...], false)
 5 APPPATH\Models\UsuarioModel.php(34): CodeIgniter\Database\BaseBuilder->insert([...])
 6 APPPATH\Controllers\UsuarioController.php(64): App\Models\UsuarioModel->insertar([...])
 7 SYSTEMPATH\CodeIgniter.php(933): App\Controllers\UsuarioController->create()
 8 SYSTEMPATH\CodeIgniter.php(509): CodeIgniter\CodeIgniter->runController(Object(App\Controllers\UsuarioController))
 9 SYSTEMPATH\CodeIgniter.php(355): CodeIgniter\CodeIgniter->handleRequest(null, Object(Config\Cache), false)
10 SYSTEMPATH\Boot.php(325): CodeIgniter\CodeIgniter->run()
11 SYSTEMPATH\Boot.php(67): CodeIgniter\Boot::runCodeIgniter(Object(CodeIgniter\CodeIgniter))
12 FCPATH\index.php(56): CodeIgniter\Boot::bootWeb(Object(Config\Paths))
ERROR - 2024-08-27 18:41:11 --> mysqli_sql_exception: Column 'nombre' cannot be null in C:\xampp\htdocs\personalizacionSis\system\Database\MySQLi\Connection.php:312
Stack trace:
#0 C:\xampp\htdocs\personalizacionSis\system\Database\MySQLi\Connection.php(312): mysqli->query('INSERT INTO `us...', 0)
#1 C:\xampp\htdocs\personalizacionSis\system\Database\BaseConnection.php(734): CodeIgniter\Database\MySQLi\Connection->execute('INSERT INTO `us...')
#2 C:\xampp\htdocs\personalizacionSis\system\Database\BaseConnection.php(648): CodeIgniter\Database\BaseConnection->simpleQuery('INSERT INTO `us...')
#3 C:\xampp\htdocs\personalizacionSis\system\Database\BaseBuilder.php(2340): CodeIgniter\Database\BaseConnection->query('INSERT INTO `us...', Array, false)
#4 C:\xampp\htdocs\personalizacionSis\app\Models\UsuarioModel.php(34): CodeIgniter\Database\BaseBuilder->insert(Array)
#5 C:\xampp\htdocs\personalizacionSis\app\Controllers\UsuarioController.php(64): App\Models\UsuarioModel->insertar(Array)
#6 C:\xampp\htdocs\personalizacionSis\system\CodeIgniter.php(933): App\Controllers\UsuarioController->create()
#7 C:\xampp\htdocs\personalizacionSis\system\CodeIgniter.php(509): CodeIgniter\CodeIgniter->runController(Object(App\Controllers\UsuarioController))
#8 C:\xampp\htdocs\personalizacionSis\system\CodeIgniter.php(355): CodeIgniter\CodeIgniter->handleRequest(NULL, Object(Config\Cache), false)
#9 C:\xampp\htdocs\personalizacionSis\system\Boot.php(325): CodeIgniter\CodeIgniter->run()
#10 C:\xampp\htdocs\personalizacionSis\system\Boot.php(67): CodeIgniter\Boot::runCodeIgniter(Object(CodeIgniter\CodeIgniter))
#11 C:\xampp\htdocs\personalizacionSis\public\index.php(56): CodeIgniter\Boot::bootWeb(Object(Config\Paths))
#12 {main}
CRITICAL - 2024-08-27 18:41:11 --> CodeIgniter\Database\Exceptions\DatabaseException: Column 'nombre' cannot be null
[Method: POST, Route: guardar]
in SYSTEMPATH\Database\BaseConnection.php on line 688.
 1 SYSTEMPATH\Database\BaseBuilder.php(2340): CodeIgniter\Database\BaseConnection->query('INSERT INTO `usuario` (`nombre`, `apellido`, `telefono`, `email`, `password`, `status`) VALUES (:nombre:, :apellido:, :telefono:, :email:, :password:, :status:)', [...], false)
 2 APPPATH\Models\UsuarioModel.php(34): CodeIgniter\Database\BaseBuilder->insert([...])
 3 APPPATH\Controllers\UsuarioController.php(64): App\Models\UsuarioModel->insertar([...])
 4 SYSTEMPATH\CodeIgniter.php(933): App\Controllers\UsuarioController->create()
 5 SYSTEMPATH\CodeIgniter.php(509): CodeIgniter\CodeIgniter->runController(Object(App\Controllers\UsuarioController))
 6 SYSTEMPATH\CodeIgniter.php(355): CodeIgniter\CodeIgniter->handleRequest(null, Object(Config\Cache), false)
 7 SYSTEMPATH\Boot.php(325): CodeIgniter\CodeIgniter->run()
 8 SYSTEMPATH\Boot.php(67): CodeIgniter\Boot::runCodeIgniter(Object(CodeIgniter\CodeIgniter))
 9 FCPATH\index.php(56): CodeIgniter\Boot::bootWeb(Object(Config\Paths))
CRITICAL - 2024-08-27 18:41:11 --> [Caused by] CodeIgniter\Database\Exceptions\DatabaseException: Column 'nombre' cannot be null
in SYSTEMPATH\Database\MySQLi\Connection.php on line 317.
 1 SYSTEMPATH\Database\BaseConnection.php(734): CodeIgniter\Database\MySQLi\Connection->execute('INSERT INTO `usuario` (`nombre`, `apellido`, `telefono`, `email`, `password`, `status`) VALUES (NULL, NULL, NULL, NULL, \'$2y$10$cIbxIdX5GQhiRVZJs.vwguLvHMyA6b5Ks8el7d37mVfLZSgvfcYhK\', 1)')
 2 SYSTEMPATH\Database\BaseConnection.php(648): CodeIgniter\Database\BaseConnection->simpleQuery('INSERT INTO `usuario` (`nombre`, `apellido`, `telefono`, `email`, `password`, `status`) VALUES (NULL, NULL, NULL, NULL, \'$2y$10$cIbxIdX5GQhiRVZJs.vwguLvHMyA6b5Ks8el7d37mVfLZSgvfcYhK\', 1)')
 3 SYSTEMPATH\Database\BaseBuilder.php(2340): CodeIgniter\Database\BaseConnection->query('INSERT INTO `usuario` (`nombre`, `apellido`, `telefono`, `email`, `password`, `status`) VALUES (:nombre:, :apellido:, :telefono:, :email:, :password:, :status:)', [...], false)
 4 APPPATH\Models\UsuarioModel.php(34): CodeIgniter\Database\BaseBuilder->insert([...])
 5 APPPATH\Controllers\UsuarioController.php(64): App\Models\UsuarioModel->insertar([...])
 6 SYSTEMPATH\CodeIgniter.php(933): App\Controllers\UsuarioController->create()
 7 SYSTEMPATH\CodeIgniter.php(509): CodeIgniter\CodeIgniter->runController(Object(App\Controllers\UsuarioController))
 8 SYSTEMPATH\CodeIgniter.php(355): CodeIgniter\CodeIgniter->handleRequest(null, Object(Config\Cache), false)
 9 SYSTEMPATH\Boot.php(325): CodeIgniter\CodeIgniter->run()
10 SYSTEMPATH\Boot.php(67): CodeIgniter\Boot::runCodeIgniter(Object(CodeIgniter\CodeIgniter))
11 FCPATH\index.php(56): CodeIgniter\Boot::bootWeb(Object(Config\Paths))
CRITICAL - 2024-08-27 18:41:11 --> [Caused by] mysqli_sql_exception: Column 'nombre' cannot be null
in SYSTEMPATH\Database\MySQLi\Connection.php on line 312.
 1 SYSTEMPATH\Database\MySQLi\Connection.php(312): mysqli->query('INSERT INTO `usuario` (`nombre`, `apellido`, `telefono`, `email`, `password`, `status`) VALUES (NULL, NULL, NULL, NULL, \'$2y$10$cIbxIdX5GQhiRVZJs.vwguLvHMyA6b5Ks8el7d37mVfLZSgvfcYhK\', 1)', 0)
 2 SYSTEMPATH\Database\BaseConnection.php(734): CodeIgniter\Database\MySQLi\Connection->execute('INSERT INTO `usuario` (`nombre`, `apellido`, `telefono`, `email`, `password`, `status`) VALUES (NULL, NULL, NULL, NULL, \'$2y$10$cIbxIdX5GQhiRVZJs.vwguLvHMyA6b5Ks8el7d37mVfLZSgvfcYhK\', 1)')
 3 SYSTEMPATH\Database\BaseConnection.php(648): CodeIgniter\Database\BaseConnection->simpleQuery('INSERT INTO `usuario` (`nombre`, `apellido`, `telefono`, `email`, `password`, `status`) VALUES (NULL, NULL, NULL, NULL, \'$2y$10$cIbxIdX5GQhiRVZJs.vwguLvHMyA6b5Ks8el7d37mVfLZSgvfcYhK\', 1)')
 4 SYSTEMPATH\Database\BaseBuilder.php(2340): CodeIgniter\Database\BaseConnection->query('INSERT INTO `usuario` (`nombre`, `apellido`, `telefono`, `email`, `password`, `status`) VALUES (:nombre:, :apellido:, :telefono:, :email:, :password:, :status:)', [...], false)
 5 APPPATH\Models\UsuarioModel.php(34): CodeIgniter\Database\BaseBuilder->insert([...])
 6 APPPATH\Controllers\UsuarioController.php(64): App\Models\UsuarioModel->insertar([...])
 7 SYSTEMPATH\CodeIgniter.php(933): App\Controllers\UsuarioController->create()
 8 SYSTEMPATH\CodeIgniter.php(509): CodeIgniter\CodeIgniter->runController(Object(App\Controllers\UsuarioController))
 9 SYSTEMPATH\CodeIgniter.php(355): CodeIgniter\CodeIgniter->handleRequest(null, Object(Config\Cache), false)
10 SYSTEMPATH\Boot.php(325): CodeIgniter\CodeIgniter->run()
11 SYSTEMPATH\Boot.php(67): CodeIgniter\Boot::runCodeIgniter(Object(CodeIgniter\CodeIgniter))
12 FCPATH\index.php(56): CodeIgniter\Boot::bootWeb(Object(Config\Paths))
ERROR - 2024-08-27 18:42:39 --> mysqli_sql_exception: Column 'nombre' cannot be null in C:\xampp\htdocs\personalizacionSis\system\Database\MySQLi\Connection.php:312
Stack trace:
#0 C:\xampp\htdocs\personalizacionSis\system\Database\MySQLi\Connection.php(312): mysqli->query('INSERT INTO `us...', 0)
#1 C:\xampp\htdocs\personalizacionSis\system\Database\BaseConnection.php(734): CodeIgniter\Database\MySQLi\Connection->execute('INSERT INTO `us...')
#2 C:\xampp\htdocs\personalizacionSis\system\Database\BaseConnection.php(648): CodeIgniter\Database\BaseConnection->simpleQuery('INSERT INTO `us...')
#3 C:\xampp\htdocs\personalizacionSis\system\Database\BaseBuilder.php(2340): CodeIgniter\Database\BaseConnection->query('INSERT INTO `us...', Array, false)
#4 C:\xampp\htdocs\personalizacionSis\app\Models\UsuarioModel.php(34): CodeIgniter\Database\BaseBuilder->insert(Array)
#5 C:\xampp\htdocs\personalizacionSis\app\Controllers\UsuarioController.php(64): App\Models\UsuarioModel->insertar(Array)
#6 C:\xampp\htdocs\personalizacionSis\system\CodeIgniter.php(933): App\Controllers\UsuarioController->create()
#7 C:\xampp\htdocs\personalizacionSis\system\CodeIgniter.php(509): CodeIgniter\CodeIgniter->runController(Object(App\Controllers\UsuarioController))
#8 C:\xampp\htdocs\personalizacionSis\system\CodeIgniter.php(355): CodeIgniter\CodeIgniter->handleRequest(NULL, Object(Config\Cache), false)
#9 C:\xampp\htdocs\personalizacionSis\system\Boot.php(325): CodeIgniter\CodeIgniter->run()
#10 C:\xampp\htdocs\personalizacionSis\system\Boot.php(67): CodeIgniter\Boot::runCodeIgniter(Object(CodeIgniter\CodeIgniter))
#11 C:\xampp\htdocs\personalizacionSis\public\index.php(56): CodeIgniter\Boot::bootWeb(Object(Config\Paths))
#12 {main}
CRITICAL - 2024-08-27 18:42:39 --> CodeIgniter\Database\Exceptions\DatabaseException: Column 'nombre' cannot be null
[Method: POST, Route: guardar]
in SYSTEMPATH\Database\BaseConnection.php on line 688.
 1 SYSTEMPATH\Database\BaseBuilder.php(2340): CodeIgniter\Database\BaseConnection->query('INSERT INTO `usuario` (`nombre`, `apellido`, `telefono`, `email`, `password`, `status`) VALUES (:nombre:, :apellido:, :telefono:, :email:, :password:, :status:)', [...], false)
 2 APPPATH\Models\UsuarioModel.php(34): CodeIgniter\Database\BaseBuilder->insert([...])
 3 APPPATH\Controllers\UsuarioController.php(64): App\Models\UsuarioModel->insertar([...])
 4 SYSTEMPATH\CodeIgniter.php(933): App\Controllers\UsuarioController->create()
 5 SYSTEMPATH\CodeIgniter.php(509): CodeIgniter\CodeIgniter->runController(Object(App\Controllers\UsuarioController))
 6 SYSTEMPATH\CodeIgniter.php(355): CodeIgniter\CodeIgniter->handleRequest(null, Object(Config\Cache), false)
 7 SYSTEMPATH\Boot.php(325): CodeIgniter\CodeIgniter->run()
 8 SYSTEMPATH\Boot.php(67): CodeIgniter\Boot::runCodeIgniter(Object(CodeIgniter\CodeIgniter))
 9 FCPATH\index.php(56): CodeIgniter\Boot::bootWeb(Object(Config\Paths))
CRITICAL - 2024-08-27 18:42:39 --> [Caused by] CodeIgniter\Database\Exceptions\DatabaseException: Column 'nombre' cannot be null
in SYSTEMPATH\Database\MySQLi\Connection.php on line 317.
 1 SYSTEMPATH\Database\BaseConnection.php(734): CodeIgniter\Database\MySQLi\Connection->execute('INSERT INTO `usuario` (`nombre`, `apellido`, `telefono`, `email`, `password`, `status`) VALUES (NULL, NULL, NULL, NULL, \'$2y$10$fuGQayPib6ZiUYJxmApnhuYMfOwBmG9WR9IcKyVg7eTWJOviMvh12\', 1)')
 2 SYSTEMPATH\Database\BaseConnection.php(648): CodeIgniter\Database\BaseConnection->simpleQuery('INSERT INTO `usuario` (`nombre`, `apellido`, `telefono`, `email`, `password`, `status`) VALUES (NULL, NULL, NULL, NULL, \'$2y$10$fuGQayPib6ZiUYJxmApnhuYMfOwBmG9WR9IcKyVg7eTWJOviMvh12\', 1)')
 3 SYSTEMPATH\Database\BaseBuilder.php(2340): CodeIgniter\Database\BaseConnection->query('INSERT INTO `usuario` (`nombre`, `apellido`, `telefono`, `email`, `password`, `status`) VALUES (:nombre:, :apellido:, :telefono:, :email:, :password:, :status:)', [...], false)
 4 APPPATH\Models\UsuarioModel.php(34): CodeIgniter\Database\BaseBuilder->insert([...])
 5 APPPATH\Controllers\UsuarioController.php(64): App\Models\UsuarioModel->insertar([...])
 6 SYSTEMPATH\CodeIgniter.php(933): App\Controllers\UsuarioController->create()
 7 SYSTEMPATH\CodeIgniter.php(509): CodeIgniter\CodeIgniter->runController(Object(App\Controllers\UsuarioController))
 8 SYSTEMPATH\CodeIgniter.php(355): CodeIgniter\CodeIgniter->handleRequest(null, Object(Config\Cache), false)
 9 SYSTEMPATH\Boot.php(325): CodeIgniter\CodeIgniter->run()
10 SYSTEMPATH\Boot.php(67): CodeIgniter\Boot::runCodeIgniter(Object(CodeIgniter\CodeIgniter))
11 FCPATH\index.php(56): CodeIgniter\Boot::bootWeb(Object(Config\Paths))
CRITICAL - 2024-08-27 18:42:39 --> [Caused by] mysqli_sql_exception: Column 'nombre' cannot be null
in SYSTEMPATH\Database\MySQLi\Connection.php on line 312.
 1 SYSTEMPATH\Database\MySQLi\Connection.php(312): mysqli->query('INSERT INTO `usuario` (`nombre`, `apellido`, `telefono`, `email`, `password`, `status`) VALUES (NULL, NULL, NULL, NULL, \'$2y$10$fuGQayPib6ZiUYJxmApnhuYMfOwBmG9WR9IcKyVg7eTWJOviMvh12\', 1)', 0)
 2 SYSTEMPATH\Database\BaseConnection.php(734): CodeIgniter\Database\MySQLi\Connection->execute('INSERT INTO `usuario` (`nombre`, `apellido`, `telefono`, `email`, `password`, `status`) VALUES (NULL, NULL, NULL, NULL, \'$2y$10$fuGQayPib6ZiUYJxmApnhuYMfOwBmG9WR9IcKyVg7eTWJOviMvh12\', 1)')
 3 SYSTEMPATH\Database\BaseConnection.php(648): CodeIgniter\Database\BaseConnection->simpleQuery('INSERT INTO `usuario` (`nombre`, `apellido`, `telefono`, `email`, `password`, `status`) VALUES (NULL, NULL, NULL, NULL, \'$2y$10$fuGQayPib6ZiUYJxmApnhuYMfOwBmG9WR9IcKyVg7eTWJOviMvh12\', 1)')
 4 SYSTEMPATH\Database\BaseBuilder.php(2340): CodeIgniter\Database\BaseConnection->query('INSERT INTO `usuario` (`nombre`, `apellido`, `telefono`, `email`, `password`, `status`) VALUES (:nombre:, :apellido:, :telefono:, :email:, :password:, :status:)', [...], false)
 5 APPPATH\Models\UsuarioModel.php(34): CodeIgniter\Database\BaseBuilder->insert([...])
 6 APPPATH\Controllers\UsuarioController.php(64): App\Models\UsuarioModel->insertar([...])
 7 SYSTEMPATH\CodeIgniter.php(933): App\Controllers\UsuarioController->create()
 8 SYSTEMPATH\CodeIgniter.php(509): CodeIgniter\CodeIgniter->runController(Object(App\Controllers\UsuarioController))
 9 SYSTEMPATH\CodeIgniter.php(355): CodeIgniter\CodeIgniter->handleRequest(null, Object(Config\Cache), false)
10 SYSTEMPATH\Boot.php(325): CodeIgniter\CodeIgniter->run()
11 SYSTEMPATH\Boot.php(67): CodeIgniter\Boot::runCodeIgniter(Object(CodeIgniter\CodeIgniter))
12 FCPATH\index.php(56): CodeIgniter\Boot::bootWeb(Object(Config\Paths))
ERROR - 2024-08-27 22:11:28 --> mysqli_sql_exception: Column 'nombre' cannot be null in C:\xampp\htdocs\personalizacionSis\system\Database\MySQLi\Connection.php:312
Stack trace:
#0 C:\xampp\htdocs\personalizacionSis\system\Database\MySQLi\Connection.php(312): mysqli->query('INSERT INTO `us...', 0)
#1 C:\xampp\htdocs\personalizacionSis\system\Database\BaseConnection.php(734): CodeIgniter\Database\MySQLi\Connection->execute('INSERT INTO `us...')
#2 C:\xampp\htdocs\personalizacionSis\system\Database\BaseConnection.php(648): CodeIgniter\Database\BaseConnection->simpleQuery('INSERT INTO `us...')
#3 C:\xampp\htdocs\personalizacionSis\system\Database\BaseBuilder.php(2340): CodeIgniter\Database\BaseConnection->query('INSERT INTO `us...', Array, false)
#4 C:\xampp\htdocs\personalizacionSis\app\Models\UsuarioModel.php(34): CodeIgniter\Database\BaseBuilder->insert(Array)
#5 C:\xampp\htdocs\personalizacionSis\app\Controllers\UsuarioController.php(64): App\Models\UsuarioModel->insertar(Array)
#6 C:\xampp\htdocs\personalizacionSis\system\CodeIgniter.php(933): App\Controllers\UsuarioController->create()
#7 C:\xampp\htdocs\personalizacionSis\system\CodeIgniter.php(509): CodeIgniter\CodeIgniter->runController(Object(App\Controllers\UsuarioController))
#8 C:\xampp\htdocs\personalizacionSis\system\CodeIgniter.php(355): CodeIgniter\CodeIgniter->handleRequest(NULL, Object(Config\Cache), false)
#9 C:\xampp\htdocs\personalizacionSis\system\Boot.php(325): CodeIgniter\CodeIgniter->run()
#10 C:\xampp\htdocs\personalizacionSis\system\Boot.php(67): CodeIgniter\Boot::runCodeIgniter(Object(CodeIgniter\CodeIgniter))
#11 C:\xampp\htdocs\personalizacionSis\public\index.php(56): CodeIgniter\Boot::bootWeb(Object(Config\Paths))
#12 {main}
CRITICAL - 2024-08-27 22:11:28 --> CodeIgniter\Database\Exceptions\DatabaseException: Column 'nombre' cannot be null
[Method: POST, Route: guardar]
in SYSTEMPATH\Database\BaseConnection.php on line 688.
 1 SYSTEMPATH\Database\BaseBuilder.php(2340): CodeIgniter\Database\BaseConnection->query('INSERT INTO `usuario` (`nombre`, `apellido`, `telefono`, `email`, `password`, `status`) VALUES (:nombre:, :apellido:, :telefono:, :email:, :password:, :status:)', [...], false)
 2 APPPATH\Models\UsuarioModel.php(34): CodeIgniter\Database\BaseBuilder->insert([...])
 3 APPPATH\Controllers\UsuarioController.php(64): App\Models\UsuarioModel->insertar([...])
 4 SYSTEMPATH\CodeIgniter.php(933): App\Controllers\UsuarioController->create()
 5 SYSTEMPATH\CodeIgniter.php(509): CodeIgniter\CodeIgniter->runController(Object(App\Controllers\UsuarioController))
 6 SYSTEMPATH\CodeIgniter.php(355): CodeIgniter\CodeIgniter->handleRequest(null, Object(Config\Cache), false)
 7 SYSTEMPATH\Boot.php(325): CodeIgniter\CodeIgniter->run()
 8 SYSTEMPATH\Boot.php(67): CodeIgniter\Boot::runCodeIgniter(Object(CodeIgniter\CodeIgniter))
 9 FCPATH\index.php(56): CodeIgniter\Boot::bootWeb(Object(Config\Paths))
CRITICAL - 2024-08-27 22:11:28 --> [Caused by] CodeIgniter\Database\Exceptions\DatabaseException: Column 'nombre' cannot be null
in SYSTEMPATH\Database\MySQLi\Connection.php on line 317.
 1 SYSTEMPATH\Database\BaseConnection.php(734): CodeIgniter\Database\MySQLi\Connection->execute('INSERT INTO `usuario` (`nombre`, `apellido`, `telefono`, `email`, `password`, `status`) VALUES (NULL, NULL, NULL, NULL, \'$2y$10$gtKxtgNv0f/Cu6mRsC/INOTlQn1KezxfJjRdBizx04IQ2cyqUzGjS\', 1)')
 2 SYSTEMPATH\Database\BaseConnection.php(648): CodeIgniter\Database\BaseConnection->simpleQuery('INSERT INTO `usuario` (`nombre`, `apellido`, `telefono`, `email`, `password`, `status`) VALUES (NULL, NULL, NULL, NULL, \'$2y$10$gtKxtgNv0f/Cu6mRsC/INOTlQn1KezxfJjRdBizx04IQ2cyqUzGjS\', 1)')
 3 SYSTEMPATH\Database\BaseBuilder.php(2340): CodeIgniter\Database\BaseConnection->query('INSERT INTO `usuario` (`nombre`, `apellido`, `telefono`, `email`, `password`, `status`) VALUES (:nombre:, :apellido:, :telefono:, :email:, :password:, :status:)', [...], false)
 4 APPPATH\Models\UsuarioModel.php(34): CodeIgniter\Database\BaseBuilder->insert([...])
 5 APPPATH\Controllers\UsuarioController.php(64): App\Models\UsuarioModel->insertar([...])
 6 SYSTEMPATH\CodeIgniter.php(933): App\Controllers\UsuarioController->create()
 7 SYSTEMPATH\CodeIgniter.php(509): CodeIgniter\CodeIgniter->runController(Object(App\Controllers\UsuarioController))
 8 SYSTEMPATH\CodeIgniter.php(355): CodeIgniter\CodeIgniter->handleRequest(null, Object(Config\Cache), false)
 9 SYSTEMPATH\Boot.php(325): CodeIgniter\CodeIgniter->run()
10 SYSTEMPATH\Boot.php(67): CodeIgniter\Boot::runCodeIgniter(Object(CodeIgniter\CodeIgniter))
11 FCPATH\index.php(56): CodeIgniter\Boot::bootWeb(Object(Config\Paths))
CRITICAL - 2024-08-27 22:11:28 --> [Caused by] mysqli_sql_exception: Column 'nombre' cannot be null
in SYSTEMPATH\Database\MySQLi\Connection.php on line 312.
 1 SYSTEMPATH\Database\MySQLi\Connection.php(312): mysqli->query('INSERT INTO `usuario` (`nombre`, `apellido`, `telefono`, `email`, `password`, `status`) VALUES (NULL, NULL, NULL, NULL, \'$2y$10$gtKxtgNv0f/Cu6mRsC/INOTlQn1KezxfJjRdBizx04IQ2cyqUzGjS\', 1)', 0)
 2 SYSTEMPATH\Database\BaseConnection.php(734): CodeIgniter\Database\MySQLi\Connection->execute('INSERT INTO `usuario` (`nombre`, `apellido`, `telefono`, `email`, `password`, `status`) VALUES (NULL, NULL, NULL, NULL, \'$2y$10$gtKxtgNv0f/Cu6mRsC/INOTlQn1KezxfJjRdBizx04IQ2cyqUzGjS\', 1)')
 3 SYSTEMPATH\Database\BaseConnection.php(648): CodeIgniter\Database\BaseConnection->simpleQuery('INSERT INTO `usuario` (`nombre`, `apellido`, `telefono`, `email`, `password`, `status`) VALUES (NULL, NULL, NULL, NULL, \'$2y$10$gtKxtgNv0f/Cu6mRsC/INOTlQn1KezxfJjRdBizx04IQ2cyqUzGjS\', 1)')
 4 SYSTEMPATH\Database\BaseBuilder.php(2340): CodeIgniter\Database\BaseConnection->query('INSERT INTO `usuario` (`nombre`, `apellido`, `telefono`, `email`, `password`, `status`) VALUES (:nombre:, :apellido:, :telefono:, :email:, :password:, :status:)', [...], false)
 5 APPPATH\Models\UsuarioModel.php(34): CodeIgniter\Database\BaseBuilder->insert([...])
 6 APPPATH\Controllers\UsuarioController.php(64): App\Models\UsuarioModel->insertar([...])
 7 SYSTEMPATH\CodeIgniter.php(933): App\Controllers\UsuarioController->create()
 8 SYSTEMPATH\CodeIgniter.php(509): CodeIgniter\CodeIgniter->runController(Object(App\Controllers\UsuarioController))
 9 SYSTEMPATH\CodeIgniter.php(355): CodeIgniter\CodeIgniter->handleRequest(null, Object(Config\Cache), false)
10 SYSTEMPATH\Boot.php(325): CodeIgniter\CodeIgniter->run()
11 SYSTEMPATH\Boot.php(67): CodeIgniter\Boot::runCodeIgniter(Object(CodeIgniter\CodeIgniter))
12 FCPATH\index.php(56): CodeIgniter\Boot::bootWeb(Object(Config\Paths))
ERROR - 2024-08-27 22:12:38 --> mysqli_sql_exception: Column 'nombre' cannot be null in C:\xampp\htdocs\personalizacionSis\system\Database\MySQLi\Connection.php:312
Stack trace:
#0 C:\xampp\htdocs\personalizacionSis\system\Database\MySQLi\Connection.php(312): mysqli->query('INSERT INTO `us...', 0)
#1 C:\xampp\htdocs\personalizacionSis\system\Database\BaseConnection.php(734): CodeIgniter\Database\MySQLi\Connection->execute('INSERT INTO `us...')
#2 C:\xampp\htdocs\personalizacionSis\system\Database\BaseConnection.php(648): CodeIgniter\Database\BaseConnection->simpleQuery('INSERT INTO `us...')
#3 C:\xampp\htdocs\personalizacionSis\system\Database\BaseBuilder.php(2340): CodeIgniter\Database\BaseConnection->query('INSERT INTO `us...', Array, false)
#4 C:\xampp\htdocs\personalizacionSis\app\Models\UsuarioModel.php(34): CodeIgniter\Database\BaseBuilder->insert(Array)
#5 C:\xampp\htdocs\personalizacionSis\app\Controllers\UsuarioController.php(64): App\Models\UsuarioModel->insertar(Array)
#6 C:\xampp\htdocs\personalizacionSis\system\CodeIgniter.php(933): App\Controllers\UsuarioController->create()
#7 C:\xampp\htdocs\personalizacionSis\system\CodeIgniter.php(509): CodeIgniter\CodeIgniter->runController(Object(App\Controllers\UsuarioController))
#8 C:\xampp\htdocs\personalizacionSis\system\CodeIgniter.php(355): CodeIgniter\CodeIgniter->handleRequest(NULL, Object(Config\Cache), false)
#9 C:\xampp\htdocs\personalizacionSis\system\Boot.php(325): CodeIgniter\CodeIgniter->run()
#10 C:\xampp\htdocs\personalizacionSis\system\Boot.php(67): CodeIgniter\Boot::runCodeIgniter(Object(CodeIgniter\CodeIgniter))
#11 C:\xampp\htdocs\personalizacionSis\public\index.php(56): CodeIgniter\Boot::bootWeb(Object(Config\Paths))
#12 {main}
CRITICAL - 2024-08-27 22:12:38 --> CodeIgniter\Database\Exceptions\DatabaseException: Column 'nombre' cannot be null
[Method: POST, Route: guardar]
in SYSTEMPATH\Database\BaseConnection.php on line 688.
 1 SYSTEMPATH\Database\BaseBuilder.php(2340): CodeIgniter\Database\BaseConnection->query('INSERT INTO `usuario` (`nombre`, `apellido`, `telefono`, `email`, `password`, `status`) VALUES (:nombre:, :apellido:, :telefono:, :email:, :password:, :status:)', [...], false)
 2 APPPATH\Models\UsuarioModel.php(34): CodeIgniter\Database\BaseBuilder->insert([...])
 3 APPPATH\Controllers\UsuarioController.php(64): App\Models\UsuarioModel->insertar([...])
 4 SYSTEMPATH\CodeIgniter.php(933): App\Controllers\UsuarioController->create()
 5 SYSTEMPATH\CodeIgniter.php(509): CodeIgniter\CodeIgniter->runController(Object(App\Controllers\UsuarioController))
 6 SYSTEMPATH\CodeIgniter.php(355): CodeIgniter\CodeIgniter->handleRequest(null, Object(Config\Cache), false)
 7 SYSTEMPATH\Boot.php(325): CodeIgniter\CodeIgniter->run()
 8 SYSTEMPATH\Boot.php(67): CodeIgniter\Boot::runCodeIgniter(Object(CodeIgniter\CodeIgniter))
 9 FCPATH\index.php(56): CodeIgniter\Boot::bootWeb(Object(Config\Paths))
CRITICAL - 2024-08-27 22:12:38 --> [Caused by] CodeIgniter\Database\Exceptions\DatabaseException: Column 'nombre' cannot be null
in SYSTEMPATH\Database\MySQLi\Connection.php on line 317.
 1 SYSTEMPATH\Database\BaseConnection.php(734): CodeIgniter\Database\MySQLi\Connection->execute('INSERT INTO `usuario` (`nombre`, `apellido`, `telefono`, `email`, `password`, `status`) VALUES (NULL, NULL, NULL, NULL, \'$2y$10$dgN2FHoK1KSfZ.Vdf8.8Ueh4NwklgPAaANSjMPWRkofBjONMpq/4W\', 1)')
 2 SYSTEMPATH\Database\BaseConnection.php(648): CodeIgniter\Database\BaseConnection->simpleQuery('INSERT INTO `usuario` (`nombre`, `apellido`, `telefono`, `email`, `password`, `status`) VALUES (NULL, NULL, NULL, NULL, \'$2y$10$dgN2FHoK1KSfZ.Vdf8.8Ueh4NwklgPAaANSjMPWRkofBjONMpq/4W\', 1)')
 3 SYSTEMPATH\Database\BaseBuilder.php(2340): CodeIgniter\Database\BaseConnection->query('INSERT INTO `usuario` (`nombre`, `apellido`, `telefono`, `email`, `password`, `status`) VALUES (:nombre:, :apellido:, :telefono:, :email:, :password:, :status:)', [...], false)
 4 APPPATH\Models\UsuarioModel.php(34): CodeIgniter\Database\BaseBuilder->insert([...])
 5 APPPATH\Controllers\UsuarioController.php(64): App\Models\UsuarioModel->insertar([...])
 6 SYSTEMPATH\CodeIgniter.php(933): App\Controllers\UsuarioController->create()
 7 SYSTEMPATH\CodeIgniter.php(509): CodeIgniter\CodeIgniter->runController(Object(App\Controllers\UsuarioController))
 8 SYSTEMPATH\CodeIgniter.php(355): CodeIgniter\CodeIgniter->handleRequest(null, Object(Config\Cache), false)
 9 SYSTEMPATH\Boot.php(325): CodeIgniter\CodeIgniter->run()
10 SYSTEMPATH\Boot.php(67): CodeIgniter\Boot::runCodeIgniter(Object(CodeIgniter\CodeIgniter))
11 FCPATH\index.php(56): CodeIgniter\Boot::bootWeb(Object(Config\Paths))
CRITICAL - 2024-08-27 22:12:38 --> [Caused by] mysqli_sql_exception: Column 'nombre' cannot be null
in SYSTEMPATH\Database\MySQLi\Connection.php on line 312.
 1 SYSTEMPATH\Database\MySQLi\Connection.php(312): mysqli->query('INSERT INTO `usuario` (`nombre`, `apellido`, `telefono`, `email`, `password`, `status`) VALUES (NULL, NULL, NULL, NULL, \'$2y$10$dgN2FHoK1KSfZ.Vdf8.8Ueh4NwklgPAaANSjMPWRkofBjONMpq/4W\', 1)', 0)
 2 SYSTEMPATH\Database\BaseConnection.php(734): CodeIgniter\Database\MySQLi\Connection->execute('INSERT INTO `usuario` (`nombre`, `apellido`, `telefono`, `email`, `password`, `status`) VALUES (NULL, NULL, NULL, NULL, \'$2y$10$dgN2FHoK1KSfZ.Vdf8.8Ueh4NwklgPAaANSjMPWRkofBjONMpq/4W\', 1)')
 3 SYSTEMPATH\Database\BaseConnection.php(648): CodeIgniter\Database\BaseConnection->simpleQuery('INSERT INTO `usuario` (`nombre`, `apellido`, `telefono`, `email`, `password`, `status`) VALUES (NULL, NULL, NULL, NULL, \'$2y$10$dgN2FHoK1KSfZ.Vdf8.8Ueh4NwklgPAaANSjMPWRkofBjONMpq/4W\', 1)')
 4 SYSTEMPATH\Database\BaseBuilder.php(2340): CodeIgniter\Database\BaseConnection->query('INSERT INTO `usuario` (`nombre`, `apellido`, `telefono`, `email`, `password`, `status`) VALUES (:nombre:, :apellido:, :telefono:, :email:, :password:, :status:)', [...], false)
 5 APPPATH\Models\UsuarioModel.php(34): CodeIgniter\Database\BaseBuilder->insert([...])
 6 APPPATH\Controllers\UsuarioController.php(64): App\Models\UsuarioModel->insertar([...])
 7 SYSTEMPATH\CodeIgniter.php(933): App\Controllers\UsuarioController->create()
 8 SYSTEMPATH\CodeIgniter.php(509): CodeIgniter\CodeIgniter->runController(Object(App\Controllers\UsuarioController))
 9 SYSTEMPATH\CodeIgniter.php(355): CodeIgniter\CodeIgniter->handleRequest(null, Object(Config\Cache), false)
10 SYSTEMPATH\Boot.php(325): CodeIgniter\CodeIgniter->run()
11 SYSTEMPATH\Boot.php(67): CodeIgniter\Boot::runCodeIgniter(Object(CodeIgniter\CodeIgniter))
12 FCPATH\index.php(56): CodeIgniter\Boot::bootWeb(Object(Config\Paths))
ERROR - 2024-08-27 22:13:58 --> mysqli_sql_exception: Column 'nombre' cannot be null in C:\xampp\htdocs\personalizacionSis\system\Database\MySQLi\Connection.php:312
Stack trace:
#0 C:\xampp\htdocs\personalizacionSis\system\Database\MySQLi\Connection.php(312): mysqli->query('INSERT INTO `us...', 0)
#1 C:\xampp\htdocs\personalizacionSis\system\Database\BaseConnection.php(734): CodeIgniter\Database\MySQLi\Connection->execute('INSERT INTO `us...')
#2 C:\xampp\htdocs\personalizacionSis\system\Database\BaseConnection.php(648): CodeIgniter\Database\BaseConnection->simpleQuery('INSERT INTO `us...')
#3 C:\xampp\htdocs\personalizacionSis\system\Database\BaseBuilder.php(2340): CodeIgniter\Database\BaseConnection->query('INSERT INTO `us...', Array, false)
#4 C:\xampp\htdocs\personalizacionSis\app\Models\UsuarioModel.php(34): CodeIgniter\Database\BaseBuilder->insert(Array)
#5 C:\xampp\htdocs\personalizacionSis\app\Controllers\UsuarioController.php(64): App\Models\UsuarioModel->insertar(Array)
#6 C:\xampp\htdocs\personalizacionSis\system\CodeIgniter.php(933): App\Controllers\UsuarioController->create()
#7 C:\xampp\htdocs\personalizacionSis\system\CodeIgniter.php(509): CodeIgniter\CodeIgniter->runController(Object(App\Controllers\UsuarioController))
#8 C:\xampp\htdocs\personalizacionSis\system\CodeIgniter.php(355): CodeIgniter\CodeIgniter->handleRequest(NULL, Object(Config\Cache), false)
#9 C:\xampp\htdocs\personalizacionSis\system\Boot.php(325): CodeIgniter\CodeIgniter->run()
#10 C:\xampp\htdocs\personalizacionSis\system\Boot.php(67): CodeIgniter\Boot::runCodeIgniter(Object(CodeIgniter\CodeIgniter))
#11 C:\xampp\htdocs\personalizacionSis\public\index.php(56): CodeIgniter\Boot::bootWeb(Object(Config\Paths))
#12 {main}
CRITICAL - 2024-08-27 22:13:58 --> CodeIgniter\Database\Exceptions\DatabaseException: Column 'nombre' cannot be null
[Method: POST, Route: guardar]
in SYSTEMPATH\Database\BaseConnection.php on line 688.
 1 SYSTEMPATH\Database\BaseBuilder.php(2340): CodeIgniter\Database\BaseConnection->query('INSERT INTO `usuario` (`nombre`, `apellido`, `telefono`, `email`, `password`, `status`) VALUES (:nombre:, :apellido:, :telefono:, :email:, :password:, :status:)', [...], false)
 2 APPPATH\Models\UsuarioModel.php(34): CodeIgniter\Database\BaseBuilder->insert([...])
 3 APPPATH\Controllers\UsuarioController.php(64): App\Models\UsuarioModel->insertar([...])
 4 SYSTEMPATH\CodeIgniter.php(933): App\Controllers\UsuarioController->create()
 5 SYSTEMPATH\CodeIgniter.php(509): CodeIgniter\CodeIgniter->runController(Object(App\Controllers\UsuarioController))
 6 SYSTEMPATH\CodeIgniter.php(355): CodeIgniter\CodeIgniter->handleRequest(null, Object(Config\Cache), false)
 7 SYSTEMPATH\Boot.php(325): CodeIgniter\CodeIgniter->run()
 8 SYSTEMPATH\Boot.php(67): CodeIgniter\Boot::runCodeIgniter(Object(CodeIgniter\CodeIgniter))
 9 FCPATH\index.php(56): CodeIgniter\Boot::bootWeb(Object(Config\Paths))
CRITICAL - 2024-08-27 22:13:58 --> [Caused by] CodeIgniter\Database\Exceptions\DatabaseException: Column 'nombre' cannot be null
in SYSTEMPATH\Database\MySQLi\Connection.php on line 317.
 1 SYSTEMPATH\Database\BaseConnection.php(734): CodeIgniter\Database\MySQLi\Connection->execute('INSERT INTO `usuario` (`nombre`, `apellido`, `telefono`, `email`, `password`, `status`) VALUES (NULL, NULL, NULL, NULL, \'$2y$10$y0Z1f43QqTQ6/fjfqPQ8JOk1zZG4dEoUKdag1ToMJwdLwdTRW5UWy\', 1)')
 2 SYSTEMPATH\Database\BaseConnection.php(648): CodeIgniter\Database\BaseConnection->simpleQuery('INSERT INTO `usuario` (`nombre`, `apellido`, `telefono`, `email`, `password`, `status`) VALUES (NULL, NULL, NULL, NULL, \'$2y$10$y0Z1f43QqTQ6/fjfqPQ8JOk1zZG4dEoUKdag1ToMJwdLwdTRW5UWy\', 1)')
 3 SYSTEMPATH\Database\BaseBuilder.php(2340): CodeIgniter\Database\BaseConnection->query('INSERT INTO `usuario` (`nombre`, `apellido`, `telefono`, `email`, `password`, `status`) VALUES (:nombre:, :apellido:, :telefono:, :email:, :password:, :status:)', [...], false)
 4 APPPATH\Models\UsuarioModel.php(34): CodeIgniter\Database\BaseBuilder->insert([...])
 5 APPPATH\Controllers\UsuarioController.php(64): App\Models\UsuarioModel->insertar([...])
 6 SYSTEMPATH\CodeIgniter.php(933): App\Controllers\UsuarioController->create()
 7 SYSTEMPATH\CodeIgniter.php(509): CodeIgniter\CodeIgniter->runController(Object(App\Controllers\UsuarioController))
 8 SYSTEMPATH\CodeIgniter.php(355): CodeIgniter\CodeIgniter->handleRequest(null, Object(Config\Cache), false)
 9 SYSTEMPATH\Boot.php(325): CodeIgniter\CodeIgniter->run()
10 SYSTEMPATH\Boot.php(67): CodeIgniter\Boot::runCodeIgniter(Object(CodeIgniter\CodeIgniter))
11 FCPATH\index.php(56): CodeIgniter\Boot::bootWeb(Object(Config\Paths))
CRITICAL - 2024-08-27 22:13:58 --> [Caused by] mysqli_sql_exception: Column 'nombre' cannot be null
in SYSTEMPATH\Database\MySQLi\Connection.php on line 312.
 1 SYSTEMPATH\Database\MySQLi\Connection.php(312): mysqli->query('INSERT INTO `usuario` (`nombre`, `apellido`, `telefono`, `email`, `password`, `status`) VALUES (NULL, NULL, NULL, NULL, \'$2y$10$y0Z1f43QqTQ6/fjfqPQ8JOk1zZG4dEoUKdag1ToMJwdLwdTRW5UWy\', 1)', 0)
 2 SYSTEMPATH\Database\BaseConnection.php(734): CodeIgniter\Database\MySQLi\Connection->execute('INSERT INTO `usuario` (`nombre`, `apellido`, `telefono`, `email`, `password`, `status`) VALUES (NULL, NULL, NULL, NULL, \'$2y$10$y0Z1f43QqTQ6/fjfqPQ8JOk1zZG4dEoUKdag1ToMJwdLwdTRW5UWy\', 1)')
 3 SYSTEMPATH\Database\BaseConnection.php(648): CodeIgniter\Database\BaseConnection->simpleQuery('INSERT INTO `usuario` (`nombre`, `apellido`, `telefono`, `email`, `password`, `status`) VALUES (NULL, NULL, NULL, NULL, \'$2y$10$y0Z1f43QqTQ6/fjfqPQ8JOk1zZG4dEoUKdag1ToMJwdLwdTRW5UWy\', 1)')
 4 SYSTEMPATH\Database\BaseBuilder.php(2340): CodeIgniter\Database\BaseConnection->query('INSERT INTO `usuario` (`nombre`, `apellido`, `telefono`, `email`, `password`, `status`) VALUES (:nombre:, :apellido:, :telefono:, :email:, :password:, :status:)', [...], false)
 5 APPPATH\Models\UsuarioModel.php(34): CodeIgniter\Database\BaseBuilder->insert([...])
 6 APPPATH\Controllers\UsuarioController.php(64): App\Models\UsuarioModel->insertar([...])
 7 SYSTEMPATH\CodeIgniter.php(933): App\Controllers\UsuarioController->create()
 8 SYSTEMPATH\CodeIgniter.php(509): CodeIgniter\CodeIgniter->runController(Object(App\Controllers\UsuarioController))
 9 SYSTEMPATH\CodeIgniter.php(355): CodeIgniter\CodeIgniter->handleRequest(null, Object(Config\Cache), false)
10 SYSTEMPATH\Boot.php(325): CodeIgniter\CodeIgniter->run()
11 SYSTEMPATH\Boot.php(67): CodeIgniter\Boot::runCodeIgniter(Object(CodeIgniter\CodeIgniter))
12 FCPATH\index.php(56): CodeIgniter\Boot::bootWeb(Object(Config\Paths))
CRITICAL - 2024-08-27 22:47:27 --> Error: Class "App\Controllers\FiguraModel" not found
[Method: POST, Route: cargarFigura]
in APPPATH\Controllers\FiguraController.php on line 51.
 1 SYSTEMPATH\CodeIgniter.php(933): App\Controllers\FiguraController->store()
 2 SYSTEMPATH\CodeIgniter.php(509): CodeIgniter\CodeIgniter->runController(Object(App\Controllers\FiguraController))
 3 SYSTEMPATH\CodeIgniter.php(355): CodeIgniter\CodeIgniter->handleRequest(null, Object(Config\Cache), false)
 4 SYSTEMPATH\Boot.php(325): CodeIgniter\CodeIgniter->run()
 5 SYSTEMPATH\Boot.php(67): CodeIgniter\Boot::runCodeIgniter(Object(CodeIgniter\CodeIgniter))
 6 FCPATH\index.php(56): CodeIgniter\Boot::bootWeb(Object(Config\Paths))
